<?xml version="1.0" encoding="UTF-8" ?>
<testsuite tests="4" failures="0" name="viettel.exWithCucumber.RunCucumberTest" time="36.831" errors="0" skipped="2">
  <properties>
[...]
</properties>
  <testcase classname="Login" name="Show tooltip mess when log in with invalid value" time="9.822"/>
  <testcase classname="Login" name="Display homepage after log in with valid credentail" time="7.804">
    <skipped/>
    <system-out>
  Scenario: Display homepage after log in with valid credentail &amp;#27;[90m# viettel/exWithCucumber/login.feature:10&amp;#27;[0m
    &amp;#27;[32mGiven &amp;#27;[0m&amp;#27;[32mI am on the log in page&amp;#27;[0m                               &amp;#27;[90m# Stepdefs.i_am_on_the_log_in_page()&amp;#27;[0m
    &amp;#27;[33mWhen &amp;#27;[0m&amp;#27;[33mI put valid user and password&amp;#27;[0m                          &amp;#27;[90m# null&amp;#27;[0m
    &amp;#27;[36mAnd &amp;#27;[0m&amp;#27;[36mI click on log in button&amp;#27;[0m                                &amp;#27;[90m# Stepdefs.i_click_on_log_in_button()&amp;#27;[0m
    &amp;#27;[33mThen &amp;#27;[0m&amp;#27;[33mI see the home page&amp;#27;[0m                                    &amp;#27;[90m# null&amp;#27;[0m
</system-out>
    <system-err>Starting ChromeDriver 2.45.615291 (ec3682e3c9061c10f26ea9e5cdcf3c53f3f74387) on port 23953
Only local connections are allowed.
Dec 15, 2018 11:23:20 AM org.openqa.selenium.remote.ProtocolHandshake createSession
INFO: Detected dialect: OSS
Starting ChromeDriver 2.45.615291 (ec3682e3c9061c10f26ea9e5cdcf3c53f3f74387) on port 22223
Only local connections are allowed.
Dec 15, 2018 11:23:23 AM org.openqa.selenium.remote.ProtocolHandshake createSession
INFO: Detected dialect: OSS
</system-err>
  </testcase>
  <testcase classname="Login" name="Display homepage after log in with valid credentail" time="7.804">
    <skipped/>
  </testcase>
  <testcase classname="subscriber function" name="Enter wrong email" time="11.401"/>
</testsuite>